2026-01-02 15:51:39.970 [info] [main] Log level: Info
2026-01-02 15:51:39.970 [info] [main] Validating found git in: "git"
2026-01-02 15:51:39.970 [info] [main] Using git "2.39.5" from "git"
2026-01-02 15:51:39.970 [info] [Model][doInitialScan] Initial repository scan started
2026-01-02 15:51:39.970 [info] [Model][doInitialScan] Initial repository scan completed - repositories (0), closed repositories (0), parent repositories (0), unsafe repositories (0)
2026-01-02 15:52:18.317 [info] [main] Log level: Info
2026-01-02 15:52:18.317 [info] [main] Validating found git in: "git"
2026-01-02 15:52:18.318 [info] [main] Using git "2.39.5" from "git"
2026-01-02 15:52:18.318 [info] [Model][doInitialScan] Initial repository scan started
2026-01-02 15:52:18.318 [info] > git rev-parse --show-toplevel [40ms]
2026-01-02 15:52:18.352 [info] > git rev-parse --git-dir --git-common-dir --show-superproject-working-tree [14ms]
2026-01-02 15:52:18.384 [info] [Model][openRepository] Opened repository (path): /home/dcypher/RSS_Reader
2026-01-02 15:52:18.384 [info] [Model][openRepository] Opened repository (real path): /home/dcypher/RSS_Reader
2026-01-02 15:52:18.384 [info] [Model][openRepository] Opened repository (kind): repository
2026-01-02 15:52:18.425 [info] > git rev-parse --show-toplevel [5ms]
2026-01-02 15:52:18.426 [info] > git config --get commit.template [19ms]
2026-01-02 15:52:18.457 [info] > git rev-parse --show-toplevel [14ms]
2026-01-02 15:52:18.463 [info] [Model][doInitialScan] Initial repository scan completed - repositories (1), closed repositories (0), parent repositories (0), unsafe repositories (0)
2026-01-02 15:52:18.465 [info] > git for-each-ref --format=%(refname)%00%(upstream:short)%00%(objectname)%00%(upstream:track)%00%(upstream:remotename)%00%(upstream:remoteref) refs/heads/main refs/remotes/main [10ms]
2026-01-02 15:52:18.500 [info] > git status -z -uall [23ms]
2026-01-02 15:52:18.505 [info] > git for-each-ref --sort -committerdate --format %(refname)%00%(objectname)%00%(*objectname) [10ms]
2026-01-02 15:52:18.590 [info] > git for-each-ref --format=%(refname)%00%(upstream:short)%00%(objectname)%00%(upstream:track)%00%(upstream:remotename)%00%(upstream:remoteref) refs/heads/main refs/remotes/main [15ms]
2026-01-02 15:52:18.606 [info] > git config --get --local branch.main.vscode-merge-base [6ms]
2026-01-02 15:52:18.607 [warning] [Git][config] git config failed: Failed to execute git
2026-01-02 15:52:18.618 [info] > git config --get commit.template [28ms]
2026-01-02 15:52:18.651 [info] > git reflog main --grep-reflog=branch: Created from *. [34ms]
2026-01-02 15:52:18.676 [info] > git symbolic-ref --short refs/remotes/origin/HEAD [16ms]
2026-01-02 15:52:18.686 [info] > git for-each-ref --format=%(refname)%00%(upstream:short)%00%(objectname)%00%(upstream:track)%00%(upstream:remotename)%00%(upstream:remoteref) refs/heads/main refs/remotes/main [11ms]
2026-01-02 15:52:18.690 [info] > git for-each-ref --format=%(refname)%00%(upstream:short)%00%(objectname)%00%(upstream:track)%00%(upstream:remotename)%00%(upstream:remoteref) refs/heads/origin/main refs/remotes/origin/main [5ms]
2026-01-02 15:52:18.729 [info] > git status -z -uall [18ms]
2026-01-02 15:52:18.733 [info] > git config --add --local branch.main.vscode-merge-base origin/main [33ms]
2026-01-02 15:52:18.736 [info] > git for-each-ref --sort -committerdate --format %(refname)%00%(objectname)%00%(*objectname) [9ms] (cancelled)
2026-01-02 15:52:18.758 [info] > git config --get commit.template [3ms]
2026-01-02 15:52:18.771 [info] > git for-each-ref --format=%(refname)%00%(upstream:short)%00%(objectname)%00%(upstream:track)%00%(upstream:remotename)%00%(upstream:remoteref) refs/heads/main refs/remotes/main [3ms]
2026-01-02 15:52:18.795 [info] > git status -z -uall [13ms]
2026-01-02 15:52:18.798 [info] > git for-each-ref --sort -committerdate --format %(refname)%00%(objectname)%00%(*objectname) [4ms]
2026-01-02 15:52:18.848 [info] > git merge-base refs/heads/main refs/remotes/origin/main [3ms]
2026-01-02 15:52:18.865 [info] > git merge-base refs/heads/main refs/remotes/origin/main [38ms]
2026-01-02 15:52:18.882 [info] > git diff --name-status -z --diff-filter=ADMR --find-renames=50% 921068c13827e4ba7864b22ff8633a3bbdc1dbca...refs/remotes/origin/main -- [5ms]
2026-01-02 15:52:18.885 [info] > git diff --name-status -z --diff-filter=ADMR --find-renames=50% 921068c13827e4ba7864b22ff8633a3bbdc1dbca...refs/remotes/origin/main -- [21ms]
2026-01-02 15:52:18.963 [info] > git check-ignore -v -z --stdin [4ms]
2026-01-02 15:52:20.570 [info] > git config --get commit.template [12ms]
2026-01-02 15:52:20.573 [info] > git for-each-ref --format=%(refname)%00%(upstream:short)%00%(objectname)%00%(upstream:track)%00%(upstream:remotename)%00%(upstream:remoteref) refs/heads/main refs/remotes/main [5ms]
2026-01-02 15:52:20.594 [info] > git status -z -uall [11ms]
2026-01-02 15:52:20.597 [info] > git for-each-ref --sort -committerdate --format %(refname)%00%(objectname)%00%(*objectname) [4ms]
2026-01-02 15:52:28.653 [info] > git config --get commit.template [14ms]
2026-01-02 15:52:28.655 [info] > git for-each-ref --format=%(refname)%00%(upstream:short)%00%(objectname)%00%(upstream:track)%00%(upstream:remotename)%00%(upstream:remoteref) refs/heads/main refs/remotes/main [3ms]
2026-01-02 15:52:28.676 [info] > git status -z -uall [11ms]
2026-01-02 15:52:28.678 [info] > git for-each-ref --sort -committerdate --format %(refname)%00%(objectname)%00%(*objectname) [3ms]
2026-01-02 15:52:29.369 [info] > git check-ignore -v -z --stdin [2ms]
2026-01-02 15:52:32.169 [info] > git check-ignore -v -z --stdin [5ms]
2026-01-02 15:52:33.707 [info] > git config --get commit.template [5ms]
2026-01-02 15:52:33.729 [info] > git for-each-ref --format=%(refname)%00%(upstream:short)%00%(objectname)%00%(upstream:track)%00%(upstream:remotename)%00%(upstream:remoteref) refs/heads/main refs/remotes/main [2ms]
2026-01-02 15:52:33.780 [info] > git status -z -uall [24ms]
2026-01-02 15:52:33.789 [info] > git for-each-ref --sort -committerdate --format %(refname)%00%(objectname)%00%(*objectname) [10ms]
2026-01-02 15:52:35.114 [info] > git show --textconv :templates/index.html [45ms]
2026-01-02 15:52:35.127 [info] > git ls-files --stage -- templates/index.html [14ms]
2026-01-02 15:52:35.149 [info] > git cat-file -s 8155dbf87d5d351402870421036aac4f9ffbc335 [5ms]
2026-01-02 15:52:38.853 [info] > git config --get commit.template [14ms]
2026-01-02 15:52:38.856 [info] > git for-each-ref --format=%(refname)%00%(upstream:short)%00%(objectname)%00%(upstream:track)%00%(upstream:remotename)%00%(upstream:remoteref) refs/heads/main refs/remotes/main [4ms]
2026-01-02 15:52:38.889 [info] > git status -z -uall [17ms]
2026-01-02 15:52:38.891 [info] > git for-each-ref --sort -committerdate --format %(refname)%00%(objectname)%00%(*objectname) [5ms]
2026-01-02 15:52:43.957 [info] > git config --get commit.template [44ms]
2026-01-02 15:52:43.960 [info] > git for-each-ref --format=%(refname)%00%(upstream:short)%00%(objectname)%00%(upstream:track)%00%(upstream:remotename)%00%(upstream:remoteref) refs/heads/main refs/remotes/main [8ms]
2026-01-02 15:52:44.000 [info] > git status -z -uall [19ms]
2026-01-02 15:52:44.009 [info] > git for-each-ref --sort -committerdate --format %(refname)%00%(objectname)%00%(*objectname) [11ms]
2026-01-02 15:52:44.429 [info] > git show --textconv :app.py [27ms]
2026-01-02 15:52:44.429 [info] > git ls-files --stage -- app.py [9ms]
2026-01-02 15:52:44.447 [info] > git cat-file -s 194ec215a56d56b0d6d5dbaa1ab845a51f92c06e [3ms]
2026-01-02 15:52:49.162 [info] > git config --get commit.template [4ms]
2026-01-02 15:52:49.199 [info] > git for-each-ref --format=%(refname)%00%(upstream:short)%00%(objectname)%00%(upstream:track)%00%(upstream:remotename)%00%(upstream:remoteref) refs/heads/main refs/remotes/main [5ms]
2026-01-02 15:52:49.253 [info] > git status -z -uall [20ms]
2026-01-02 15:52:49.292 [info] > git for-each-ref --sort -committerdate --format %(refname)%00%(objectname)%00%(*objectname) [41ms]
2026-01-02 15:52:54.718 [info] > git config --get commit.template [88ms]
2026-01-02 15:52:54.722 [info] > git for-each-ref --format=%(refname)%00%(upstream:short)%00%(objectname)%00%(upstream:track)%00%(upstream:remotename)%00%(upstream:remoteref) refs/heads/main refs/remotes/main [15ms]
2026-01-02 15:52:54.846 [info] > git status -z -uall [77ms]
2026-01-02 15:52:54.861 [info] > git for-each-ref --sort -committerdate --format %(refname)%00%(objectname)%00%(*objectname) [16ms]
2026-01-02 15:52:59.970 [info] > git config --get commit.template [23ms]
2026-01-02 15:52:59.973 [info] > git for-each-ref --format=%(refname)%00%(upstream:short)%00%(objectname)%00%(upstream:track)%00%(upstream:remotename)%00%(upstream:remoteref) refs/heads/main refs/remotes/main [5ms]
2026-01-02 15:53:00.024 [info] > git status -z -uall [29ms]
2026-01-02 15:53:00.038 [info] > git for-each-ref --sort -committerdate --format %(refname)%00%(objectname)%00%(*objectname) [14ms]
2026-01-02 15:53:05.095 [info] > git config --get commit.template [2ms]
2026-01-02 15:53:05.111 [info] > git for-each-ref --format=%(refname)%00%(upstream:short)%00%(objectname)%00%(upstream:track)%00%(upstream:remotename)%00%(upstream:remoteref) refs/heads/main refs/remotes/main [3ms]
2026-01-02 15:53:05.146 [info] > git status -z -uall [21ms]
2026-01-02 15:53:05.149 [info] > git for-each-ref --sort -committerdate --format %(refname)%00%(objectname)%00%(*objectname) [4ms]
2026-01-02 15:53:10.184 [info] > git config --get commit.template [5ms]
2026-01-02 15:53:10.223 [info] > git for-each-ref --format=%(refname)%00%(upstream:short)%00%(objectname)%00%(upstream:track)%00%(upstream:remotename)%00%(upstream:remoteref) refs/heads/main refs/remotes/main [28ms]
2026-01-02 15:53:10.252 [info] > git status -z -uall [17ms]
2026-01-02 15:53:10.257 [info] > git for-each-ref --sort -committerdate --format %(refname)%00%(objectname)%00%(*objectname) [6ms]
2026-01-02 15:53:20.432 [info] > git config --get commit.template [4ms]
2026-01-02 15:53:20.535 [info] > git for-each-ref --format=%(refname)%00%(upstream:short)%00%(objectname)%00%(upstream:track)%00%(upstream:remotename)%00%(upstream:remoteref) refs/heads/main refs/remotes/main [49ms]
2026-01-02 15:53:20.608 [info] > git status -z -uall [22ms]
2026-01-02 15:53:20.611 [info] > git for-each-ref --sort -committerdate --format %(refname)%00%(objectname)%00%(*objectname) [8ms]
2026-01-02 15:53:25.687 [info] > git config --get commit.template [2ms]
2026-01-02 15:53:25.699 [info] > git for-each-ref --format=%(refname)%00%(upstream:short)%00%(objectname)%00%(upstream:track)%00%(upstream:remotename)%00%(upstream:remoteref) refs/heads/main refs/remotes/main [2ms]
2026-01-02 15:53:25.722 [info] > git status -z -uall [12ms]
2026-01-02 15:53:25.724 [info] > git for-each-ref --sort -committerdate --format %(refname)%00%(objectname)%00%(*objectname) [3ms]
2026-01-02 15:53:30.759 [info] > git config --get commit.template [12ms]
2026-01-02 15:53:30.760 [info] > git for-each-ref --format=%(refname)%00%(upstream:short)%00%(objectname)%00%(upstream:track)%00%(upstream:remotename)%00%(upstream:remoteref) refs/heads/main refs/remotes/main [2ms]
2026-01-02 15:53:30.785 [info] > git status -z -uall [14ms]
2026-01-02 15:53:30.787 [info] > git for-each-ref --sort -committerdate --format %(refname)%00%(objectname)%00%(*objectname) [3ms]
2026-01-02 15:53:37.415 [info] > git config --get commit.template [12ms]
2026-01-02 15:53:37.417 [info] > git for-each-ref --format=%(refname)%00%(upstream:short)%00%(objectname)%00%(upstream:track)%00%(upstream:remotename)%00%(upstream:remoteref) refs/heads/main refs/remotes/main [3ms]
2026-01-02 15:53:37.441 [info] > git status -z -uall [13ms]
2026-01-02 15:53:37.444 [info] > git for-each-ref --sort -committerdate --format %(refname)%00%(objectname)%00%(*objectname) [4ms]
2026-01-02 15:53:55.765 [info] > git config --get commit.template [14ms]
2026-01-02 15:53:55.766 [info] > git for-each-ref --format=%(refname)%00%(upstream:short)%00%(objectname)%00%(upstream:track)%00%(upstream:remotename)%00%(upstream:remoteref) refs/heads/main refs/remotes/main [2ms]
2026-01-02 15:53:55.791 [info] > git status -z -uall [13ms]
2026-01-02 15:53:55.794 [info] > git for-each-ref --sort -committerdate --format %(refname)%00%(objectname)%00%(*objectname) [4ms]
2026-01-02 15:53:57.192 [info] > git show --textconv :app.py [1ms]
2026-01-02 15:53:57.384 [info] > git ls-files --stage -- app.py [68ms]
2026-01-02 15:53:57.449 [info] > git cat-file -s 194ec215a56d56b0d6d5dbaa1ab845a51f92c06e [9ms]
2026-01-02 15:54:00.881 [info] > git config --get commit.template [7ms]
2026-01-02 15:54:00.970 [info] > git for-each-ref --format=%(refname)%00%(upstream:short)%00%(objectname)%00%(upstream:track)%00%(upstream:remotename)%00%(upstream:remoteref) refs/heads/main refs/remotes/main [32ms]
2026-01-02 15:54:01.164 [info] > git status -z -uall [140ms]
2026-01-02 15:54:01.164 [info] > git for-each-ref --sort -committerdate --format %(refname)%00%(objectname)%00%(*objectname) [93ms]
2026-01-02 15:54:07.248 [info] > git config --get commit.template [34ms]
2026-01-02 15:54:07.262 [info] > git for-each-ref --format=%(refname)%00%(upstream:short)%00%(objectname)%00%(upstream:track)%00%(upstream:remotename)%00%(upstream:remoteref) refs/heads/main refs/remotes/main [15ms]
2026-01-02 15:54:07.330 [info] > git status -z -uall [44ms]
2026-01-02 15:54:07.336 [info] > git for-each-ref --sort -committerdate --format %(refname)%00%(objectname)%00%(*objectname) [13ms]
2026-01-02 16:00:49.587 [info] > git config --get commit.template [18ms]
2026-01-02 16:00:49.588 [info] > git for-each-ref --format=%(refname)%00%(upstream:short)%00%(objectname)%00%(upstream:track)%00%(upstream:remotename)%00%(upstream:remoteref) refs/heads/main refs/remotes/main [3ms]
2026-01-02 16:00:49.633 [info] > git status -z -uall [25ms]
2026-01-02 16:00:49.633 [info] > git for-each-ref --sort -committerdate --format %(refname)%00%(objectname)%00%(*objectname) [6ms]
2026-01-02 16:00:51.068 [info] > git blame --root --incremental 921068c13827e4ba7864b22ff8633a3bbdc1dbca -- app.py [18ms]
2026-01-02 16:00:54.681 [info] > git config --get commit.template [14ms]
2026-01-02 16:00:54.683 [info] > git for-each-ref --format=%(refname)%00%(upstream:short)%00%(objectname)%00%(upstream:track)%00%(upstream:remotename)%00%(upstream:remoteref) refs/heads/main refs/remotes/main [3ms]
2026-01-02 16:00:54.716 [info] > git status -z -uall [19ms]
2026-01-02 16:00:54.718 [info] > git for-each-ref --sort -committerdate --format %(refname)%00%(objectname)%00%(*objectname) [5ms]
2026-01-02 16:01:14.892 [info] > git config --get commit.template [8ms]
2026-01-02 16:01:14.915 [info] > git for-each-ref --format=%(refname)%00%(upstream:short)%00%(objectname)%00%(upstream:track)%00%(upstream:remotename)%00%(upstream:remoteref) refs/heads/main refs/remotes/main [4ms]
2026-01-02 16:01:14.949 [info] > git status -z -uall [16ms]
2026-01-02 16:01:14.951 [info] > git for-each-ref --sort -committerdate --format %(refname)%00%(objectname)%00%(*objectname) [3ms]
2026-01-02 16:01:19.992 [info] > git config --get commit.template [14ms]
2026-01-02 16:01:19.994 [info] > git for-each-ref --format=%(refname)%00%(upstream:short)%00%(objectname)%00%(upstream:track)%00%(upstream:remotename)%00%(upstream:remoteref) refs/heads/main refs/remotes/main [3ms]
2026-01-02 16:01:20.018 [info] > git status -z -uall [13ms]
2026-01-02 16:01:20.022 [info] > git for-each-ref --sort -committerdate --format %(refname)%00%(objectname)%00%(*objectname) [5ms]
2026-01-02 16:01:34.048 [info] > git for-each-ref --format=%(refname)%00%(upstream:short)%00%(objectname)%00%(upstream:track)%00%(upstream:remotename)%00%(upstream:remoteref) refs/heads/main refs/remotes/main [6ms]
2026-01-02 16:01:34.049 [info] > git config --get commit.template [65ms]
2026-01-02 16:01:34.083 [info] > git status -z -uall [17ms]
2026-01-02 16:01:34.088 [info] > git for-each-ref --sort -committerdate --format %(refname)%00%(objectname)%00%(*objectname) [6ms]
2026-01-02 16:01:36.854 [info] > git ls-files --stage -- templates/dashboard.html [11ms]
2026-01-02 16:01:37.033 [info] > git show --textconv :templates/dashboard.html [212ms]
2026-01-02 16:01:37.116 [info] > git cat-file -s 9c45e66ea43ce9604c8f2a03607ffffb18162cae [118ms]
2026-01-02 16:01:37.581 [info] > git blame --root --incremental 921068c13827e4ba7864b22ff8633a3bbdc1dbca -- templates/dashboard.html [48ms]
2026-01-02 16:01:39.124 [info] > git config --get commit.template [12ms]
2026-01-02 16:01:39.126 [info] > git for-each-ref --format=%(refname)%00%(upstream:short)%00%(objectname)%00%(upstream:track)%00%(upstream:remotename)%00%(upstream:remoteref) refs/heads/main refs/remotes/main [3ms]
2026-01-02 16:01:39.152 [info] > git status -z -uall [14ms]
2026-01-02 16:01:39.156 [info] > git for-each-ref --sort -committerdate --format %(refname)%00%(objectname)%00%(*objectname) [6ms]
2026-01-02 16:07:14.353 [info] > git config --get commit.template [19ms]
2026-01-02 16:07:14.357 [info] > git for-each-ref --format=%(refname)%00%(upstream:short)%00%(objectname)%00%(upstream:track)%00%(upstream:remotename)%00%(upstream:remoteref) refs/heads/main refs/remotes/main [5ms]
2026-01-02 16:07:14.410 [info] > git status -z -uall [24ms]
2026-01-02 16:07:14.410 [info] > git for-each-ref --sort -committerdate --format %(refname)%00%(objectname)%00%(*objectname) [7ms]
2026-01-02 16:07:16.270 [info] > git show --textconv :app.py [18ms]
2026-01-02 16:07:16.273 [info] > git ls-files --stage -- app.py [4ms]
2026-01-02 16:07:16.294 [info] > git cat-file -s 194ec215a56d56b0d6d5dbaa1ab845a51f92c06e [5ms]
2026-01-02 16:07:19.464 [info] > git config --get commit.template [17ms]
2026-01-02 16:07:19.467 [info] > git for-each-ref --format=%(refname)%00%(upstream:short)%00%(objectname)%00%(upstream:track)%00%(upstream:remotename)%00%(upstream:remoteref) refs/heads/main refs/remotes/main [4ms]
2026-01-02 16:07:19.508 [info] > git status -z -uall [19ms]
2026-01-02 16:07:19.513 [info] > git for-each-ref --sort -committerdate --format %(refname)%00%(objectname)%00%(*objectname) [9ms]
2026-01-02 16:07:26.765 [info] > git config --get commit.template [16ms]
2026-01-02 16:07:26.767 [info] > git for-each-ref --format=%(refname)%00%(upstream:short)%00%(objectname)%00%(upstream:track)%00%(upstream:remotename)%00%(upstream:remoteref) refs/heads/main refs/remotes/main [3ms]
2026-01-02 16:07:26.800 [info] > git status -z -uall [19ms]
2026-01-02 16:07:26.805 [info] > git for-each-ref --sort -committerdate --format %(refname)%00%(objectname)%00%(*objectname) [6ms]
2026-01-02 16:07:33.929 [info] > git config --get commit.template [7ms]
2026-01-02 16:07:33.950 [info] > git for-each-ref --format=%(refname)%00%(upstream:short)%00%(objectname)%00%(upstream:track)%00%(upstream:remotename)%00%(upstream:remoteref) refs/heads/main refs/remotes/main [4ms]
2026-01-02 16:07:33.988 [info] > git status -z -uall [18ms]
2026-01-02 16:07:33.992 [info] > git for-each-ref --sort -committerdate --format %(refname)%00%(objectname)%00%(*objectname) [5ms]
2026-01-02 16:07:47.236 [info] > git config --get commit.template [22ms]
2026-01-02 16:07:47.239 [info] > git for-each-ref --format=%(refname)%00%(upstream:short)%00%(objectname)%00%(upstream:track)%00%(upstream:remotename)%00%(upstream:remoteref) refs/heads/main refs/remotes/main [8ms]
2026-01-02 16:07:47.275 [info] > git status -z -uall [21ms]
2026-01-02 16:07:47.285 [info] > git for-each-ref --sort -committerdate --format %(refname)%00%(objectname)%00%(*objectname) [11ms]
2026-01-02 16:07:52.340 [info] > git config --get commit.template [3ms]
2026-01-02 16:07:52.363 [info] > git for-each-ref --format=%(refname)%00%(upstream:short)%00%(objectname)%00%(upstream:track)%00%(upstream:remotename)%00%(upstream:remoteref) refs/heads/main refs/remotes/main [1ms]
2026-01-02 16:07:52.399 [info] > git status -z -uall [22ms]
2026-01-02 16:07:52.402 [info] > git for-each-ref --sort -committerdate --format %(refname)%00%(objectname)%00%(*objectname) [4ms]
2026-01-02 16:08:12.268 [info] > git config --get commit.template [74ms]
2026-01-02 16:08:12.270 [info] > git for-each-ref --format=%(refname)%00%(upstream:short)%00%(objectname)%00%(upstream:track)%00%(upstream:remotename)%00%(upstream:remoteref) refs/heads/main refs/remotes/main [19ms]
2026-01-02 16:08:12.321 [info] > git status -z -uall [26ms]
2026-01-02 16:08:12.328 [info] > git for-each-ref --sort -committerdate --format %(refname)%00%(objectname)%00%(*objectname) [9ms]
2026-01-02 16:08:17.391 [info] > git config --get commit.template [13ms]
2026-01-02 16:08:17.393 [info] > git for-each-ref --format=%(refname)%00%(upstream:short)%00%(objectname)%00%(upstream:track)%00%(upstream:remotename)%00%(upstream:remoteref) refs/heads/main refs/remotes/main [3ms]
2026-01-02 16:08:17.422 [info] > git status -z -uall [15ms]
2026-01-02 16:08:17.425 [info] > git for-each-ref --sort -committerdate --format %(refname)%00%(objectname)%00%(*objectname) [7ms]
2026-01-02 16:08:22.477 [info] > git config --get commit.template [31ms]
2026-01-02 16:08:22.483 [info] > git for-each-ref --format=%(refname)%00%(upstream:short)%00%(objectname)%00%(upstream:track)%00%(upstream:remotename)%00%(upstream:remoteref) refs/heads/main refs/remotes/main [11ms]
2026-01-02 16:08:22.521 [info] > git status -z -uall [22ms]
2026-01-02 16:08:22.526 [info] > git for-each-ref --sort -committerdate --format %(refname)%00%(objectname)%00%(*objectname) [7ms]
2026-01-02 16:09:06.153 [info] > git for-each-ref --format=%(refname)%00%(upstream:short)%00%(objectname)%00%(upstream:track)%00%(upstream:remotename)%00%(upstream:remoteref) refs/heads/main refs/remotes/main [8ms]
2026-01-02 16:09:06.179 [info] > git config --get commit.template [79ms]
2026-01-02 16:09:06.220 [info] > git status -z -uall [22ms]
2026-01-02 16:09:06.223 [info] > git for-each-ref --sort -committerdate --format %(refname)%00%(objectname)%00%(*objectname) [6ms]
2026-01-02 16:09:11.287 [info] > git config --get commit.template [34ms]
2026-01-02 16:09:11.287 [info] > git for-each-ref --format=%(refname)%00%(upstream:short)%00%(objectname)%00%(upstream:track)%00%(upstream:remotename)%00%(upstream:remoteref) refs/heads/main refs/remotes/main [19ms]
2026-01-02 16:09:11.323 [info] > git status -z -uall [23ms]
2026-01-02 16:09:11.324 [info] > git for-each-ref --sort -committerdate --format %(refname)%00%(objectname)%00%(*objectname) [5ms]
2026-01-02 16:09:16.364 [info] > git config --get commit.template [14ms]
2026-01-02 16:09:16.366 [info] > git for-each-ref --format=%(refname)%00%(upstream:short)%00%(objectname)%00%(upstream:track)%00%(upstream:remotename)%00%(upstream:remoteref) refs/heads/main refs/remotes/main [3ms]
2026-01-02 16:09:16.391 [info] > git status -z -uall [13ms]
2026-01-02 16:09:16.393 [info] > git for-each-ref --sort -committerdate --format %(refname)%00%(objectname)%00%(*objectname) [3ms]
2026-01-02 16:09:26.821 [info] > git config --get commit.template [7ms]
2026-01-02 16:09:26.846 [info] > git for-each-ref --format=%(refname)%00%(upstream:short)%00%(objectname)%00%(upstream:track)%00%(upstream:remotename)%00%(upstream:remoteref) refs/heads/main refs/remotes/main [3ms]
2026-01-02 16:09:26.888 [info] > git status -z -uall [25ms]
2026-01-02 16:09:26.891 [info] > git for-each-ref --sort -committerdate --format %(refname)%00%(objectname)%00%(*objectname) [10ms]
2026-01-02 16:09:31.940 [info] > git config --get commit.template [19ms]
2026-01-02 16:09:31.942 [info] > git for-each-ref --format=%(refname)%00%(upstream:short)%00%(objectname)%00%(upstream:track)%00%(upstream:remotename)%00%(upstream:remoteref) refs/heads/main refs/remotes/main [4ms]
2026-01-02 16:09:31.978 [info] > git status -z -uall [14ms]
2026-01-02 16:09:31.980 [info] > git for-each-ref --sort -committerdate --format %(refname)%00%(objectname)%00%(*objectname) [3ms]
2026-01-02 16:09:37.023 [info] > git config --get commit.template [14ms]
2026-01-02 16:09:37.025 [info] > git for-each-ref --format=%(refname)%00%(upstream:short)%00%(objectname)%00%(upstream:track)%00%(upstream:remotename)%00%(upstream:remoteref) refs/heads/main refs/remotes/main [4ms]
2026-01-02 16:09:37.070 [info] > git status -z -uall [23ms]
2026-01-02 16:09:37.081 [info] > git for-each-ref --sort -committerdate --format %(refname)%00%(objectname)%00%(*objectname) [13ms]
2026-01-02 16:09:46.148 [info] > git config --get commit.template [23ms]
2026-01-02 16:09:46.154 [info] > git for-each-ref --format=%(refname)%00%(upstream:short)%00%(objectname)%00%(upstream:track)%00%(upstream:remotename)%00%(upstream:remoteref) refs/heads/main refs/remotes/main [9ms]
2026-01-02 16:09:46.184 [info] > git status -z -uall [17ms]
2026-01-02 16:09:46.188 [info] > git for-each-ref --sort -committerdate --format %(refname)%00%(objectname)%00%(*objectname) [5ms]
2026-01-02 16:09:54.444 [info] > git config --get commit.template [3ms]
2026-01-02 16:09:54.460 [info] > git for-each-ref --format=%(refname)%00%(upstream:short)%00%(objectname)%00%(upstream:track)%00%(upstream:remotename)%00%(upstream:remoteref) refs/heads/main refs/remotes/main [1ms]
2026-01-02 16:09:54.501 [info] > git status -z -uall [25ms]
2026-01-02 16:09:54.505 [info] > git for-each-ref --sort -committerdate --format %(refname)%00%(objectname)%00%(*objectname) [5ms]
2026-01-02 16:09:59.544 [info] > git config --get commit.template [13ms]
2026-01-02 16:09:59.545 [info] > git for-each-ref --format=%(refname)%00%(upstream:short)%00%(objectname)%00%(upstream:track)%00%(upstream:remotename)%00%(upstream:remoteref) refs/heads/main refs/remotes/main [3ms]
2026-01-02 16:09:59.571 [info] > git status -z -uall [13ms]
2026-01-02 16:09:59.573 [info] > git for-each-ref --sort -committerdate --format %(refname)%00%(objectname)%00%(*objectname) [3ms]
2026-01-02 16:10:04.599 [info] > git config --get commit.template [1ms]
2026-01-02 16:10:04.613 [info] > git for-each-ref --format=%(refname)%00%(upstream:short)%00%(objectname)%00%(upstream:track)%00%(upstream:remotename)%00%(upstream:remoteref) refs/heads/main refs/remotes/main [3ms]
2026-01-02 16:10:04.640 [info] > git status -z -uall [14ms]
2026-01-02 16:10:04.645 [info] > git for-each-ref --sort -committerdate --format %(refname)%00%(objectname)%00%(*objectname) [7ms]
2026-01-02 16:10:09.683 [info] > git config --get commit.template [14ms]
2026-01-02 16:10:09.683 [info] > git for-each-ref --format=%(refname)%00%(upstream:short)%00%(objectname)%00%(upstream:track)%00%(upstream:remotename)%00%(upstream:remoteref) refs/heads/main refs/remotes/main [2ms]
2026-01-02 16:10:09.708 [info] > git status -z -uall [13ms]
2026-01-02 16:10:09.711 [info] > git for-each-ref --sort -committerdate --format %(refname)%00%(objectname)%00%(*objectname) [4ms]
2026-01-02 16:10:14.742 [info] > git config --get commit.template [1ms]
2026-01-02 16:10:14.776 [info] > git for-each-ref --format=%(refname)%00%(upstream:short)%00%(objectname)%00%(upstream:track)%00%(upstream:remotename)%00%(upstream:remoteref) refs/heads/main refs/remotes/main [11ms]
2026-01-02 16:10:14.844 [info] > git status -z -uall [41ms]
2026-01-02 16:10:14.861 [info] > git for-each-ref --sort -committerdate --format %(refname)%00%(objectname)%00%(*objectname) [22ms]
2026-01-02 16:10:19.940 [info] > git config --get commit.template [14ms]
2026-01-02 16:10:19.978 [info] > git for-each-ref --format=%(refname)%00%(upstream:short)%00%(objectname)%00%(upstream:track)%00%(upstream:remotename)%00%(upstream:remoteref) refs/heads/main refs/remotes/main [5ms]
2026-01-02 16:10:20.042 [info] > git status -z -uall [37ms]
2026-01-02 16:10:20.050 [info] > git for-each-ref --sort -committerdate --format %(refname)%00%(objectname)%00%(*objectname) [9ms]
2026-01-02 16:10:30.924 [info] > git config --get commit.template [3ms]
2026-01-02 16:10:30.955 [info] > git for-each-ref --format=%(refname)%00%(upstream:short)%00%(objectname)%00%(upstream:track)%00%(upstream:remotename)%00%(upstream:remoteref) refs/heads/main refs/remotes/main [4ms]
2026-01-02 16:10:30.987 [info] > git status -z -uall [19ms]
2026-01-02 16:10:30.994 [info] > git for-each-ref --sort -committerdate --format %(refname)%00%(objectname)%00%(*objectname) [10ms]
2026-01-02 16:14:10.745 [info] > git config --get commit.template [28ms]
2026-01-02 16:14:10.763 [info] > git ls-files --stage -- app.py [20ms]
2026-01-02 16:14:10.782 [info] > git for-each-ref --format=%(refname)%00%(upstream:short)%00%(objectname)%00%(upstream:track)%00%(upstream:remotename)%00%(upstream:remoteref) refs/heads/main refs/remotes/main [21ms]
2026-01-02 16:14:10.835 [info] > git status -z -uall [35ms]
2026-01-02 16:14:10.837 [info] > git cat-file -s c1f854e6f7be67134edf8a84aeaafbba11cada5f [57ms]
2026-01-02 16:14:10.863 [info] > git for-each-ref --sort -committerdate --format %(refname)%00%(objectname)%00%(*objectname) [30ms]
2026-01-02 16:14:10.930 [info] > git show --textconv :app.py [68ms]
2026-01-02 16:14:10.930 [info] > git blame --root --incremental 9570168bdfba7747432a665b529b546f874150ea -- app.py [39ms]
2026-01-02 16:14:10.942 [info] > git merge-base refs/heads/main refs/remotes/origin/main [17ms]
2026-01-02 16:14:10.998 [info] > git diff --name-status -z --diff-filter=ADMR --find-renames=50% 921068c13827e4ba7864b22ff8633a3bbdc1dbca...refs/remotes/origin/main -- [37ms]
