2026-01-02 15:51:39.455 [info] Reading sessions from keychain...
2026-01-02 15:51:39.455 [info] Getting sessions for all scopes...
2026-01-02 15:51:39.455 [info] Got 0 sessions for ...
2026-01-02 15:51:39.455 [info] Getting sessions for all scopes...
2026-01-02 15:51:39.455 [info] Got 0 sessions for ...
2026-01-02 15:51:39.455 [info] Getting sessions for all scopes...
2026-01-02 15:51:39.455 [info] Got 0 sessions for ...
2026-01-02 15:51:39.455 [info] Getting sessions for all scopes...
2026-01-02 15:51:39.455 [info] Got 0 sessions for ...
2026-01-02 15:51:39.455 [info] Getting sessions for all scopes...
2026-01-02 15:51:39.455 [info] Got 0 sessions for ...
2026-01-02 15:51:39.455 [info] Getting sessions for all scopes...
2026-01-02 15:51:39.455 [info] Got 0 sessions for ...
2026-01-02 15:51:39.455 [info] Getting sessions for all scopes...
2026-01-02 15:51:39.455 [info] Got 0 sessions for ...
2026-01-02 15:51:39.455 [info] Getting sessions for all scopes...
2026-01-02 15:51:39.455 [info] Got 0 sessions for ...
2026-01-02 15:51:39.455 [info] Getting sessions for all scopes...
2026-01-02 15:51:39.455 [info] Got 0 sessions for ...
2026-01-02 15:51:39.455 [info] Getting sessions for all scopes...
2026-01-02 15:51:39.455 [info] Got 0 sessions for ...
2026-01-02 15:51:39.455 [info] Getting sessions for all scopes...
2026-01-02 15:51:39.455 [info] Got 0 sessions for ...
2026-01-02 15:51:39.455 [info] Getting sessions for all scopes...
2026-01-02 15:51:39.455 [info] Got 0 sessions for ...
2026-01-02 15:51:39.455 [info] Getting sessions for all scopes...
2026-01-02 15:51:39.455 [info] Got 0 sessions for ...
2026-01-02 15:51:39.455 [info] Getting sessions for all scopes...
2026-01-02 15:51:39.455 [info] Got 0 sessions for ...
2026-01-02 15:51:39.456 [info] Getting sessions for all scopes...
2026-01-02 15:51:39.456 [info] Got 0 sessions for ...
2026-01-02 15:51:39.456 [info] Getting sessions for all scopes...
2026-01-02 15:51:39.456 [info] Got 0 sessions for ...
2026-01-02 15:52:16.382 [info] Reading sessions from keychain...
2026-01-02 15:52:16.383 [info] Getting sessions for all scopes...
2026-01-02 15:52:16.383 [info] Got 0 sessions for ...
2026-01-02 15:52:16.383 [info] Getting sessions for all scopes...
2026-01-02 15:52:16.383 [info] Got 0 sessions for ...
2026-01-02 15:52:16.383 [info] Getting sessions for all scopes...
2026-01-02 15:52:16.383 [info] Got 0 sessions for ...
2026-01-02 15:52:16.383 [info] Getting sessions for all scopes...
2026-01-02 15:52:16.383 [info] Got 0 sessions for ...
2026-01-02 15:52:16.383 [info] Getting sessions for all scopes...
2026-01-02 15:52:16.383 [info] Got 0 sessions for ...
2026-01-02 15:52:16.383 [info] Getting sessions for all scopes...
2026-01-02 15:52:16.383 [info] Got 0 sessions for ...
2026-01-02 15:52:16.383 [info] Getting sessions for all scopes...
2026-01-02 15:52:16.383 [info] Got 0 sessions for ...
2026-01-02 15:52:16.383 [info] Getting sessions for all scopes...
2026-01-02 15:52:16.383 [info] Got 0 sessions for ...
2026-01-02 15:52:16.383 [info] Getting sessions for all scopes...
2026-01-02 15:52:16.383 [info] Got 0 sessions for ...
2026-01-02 15:52:16.383 [info] Getting sessions for all scopes...
2026-01-02 15:52:16.383 [info] Got 0 sessions for ...
2026-01-02 15:52:16.383 [info] Getting sessions for all scopes...
2026-01-02 15:52:16.383 [info] Got 0 sessions for ...
2026-01-02 15:52:16.383 [info] Getting sessions for all scopes...
2026-01-02 15:52:16.383 [info] Got 0 sessions for ...
2026-01-02 15:52:16.383 [info] Getting sessions for all scopes...
2026-01-02 15:52:16.383 [info] Got 0 sessions for ...
2026-01-02 15:52:16.383 [info] Getting sessions for all scopes...
2026-01-02 15:52:16.383 [info] Got 0 sessions for ...
2026-01-02 15:52:16.383 [info] Getting sessions for all scopes...
2026-01-02 15:52:16.383 [info] Got 0 sessions for ...
2026-01-02 15:52:16.383 [info] Getting sessions for all scopes...
2026-01-02 15:52:16.384 [info] Got 0 sessions for ...
2026-01-02 15:52:18.662 [info] Getting sessions for read:user,repo,user:email,workflow...
2026-01-02 15:52:18.662 [info] Got 0 sessions for read:user,repo,user:email,workflow...
